Line 26: Class Threed.SSPanel of control pnlHeader was not a loaded control class.
Line 37: Class Threed.SSFrame of control SSFrame1 was not a loaded control class.
Line 47: Class Threed.SSFrame of control SSFrame2 was not a loaded control class.
Line 57: Class Threed.SSOption of control SSOption3 was not a loaded control class.
Line 68: Class Threed.SSOption of control SSOption2 was not a loaded control class.
Line 79: Class Threed.SSOption of control SSOption1 was not a loaded control class.
Line 159: Class Threed.SSCommand of control cmdNext was not a loaded control class.
Line 172: Class Threed.SSCommand of control cmdOK was not a loaded control class.
Line 185: Class Threed.SSCommand of control cmdExit was not a loaded control class.
Line 32: The property name _ExtentX in pnlHeader is invalid.
Line 33: The property name _ExtentY in pnlHeader is invalid.
Line 34: The property name _Version in pnlHeader is invalid.
Line 35: The property name PictureBackgroundStyle in pnlHeader is invalid.
Line 43: The property name _ExtentX in SSFrame1 is invalid.
Line 44: The property name _ExtentY in SSFrame1 is invalid.
Line 45: The property name _Version in SSFrame1 is invalid.
Line 46: The property name PictureBackgroundStyle in SSFrame1 is invalid.
Line 53: The property name _ExtentX in SSFrame2 is invalid.
Line 54: The property name _ExtentY in SSFrame2 is invalid.
Line 55: The property name _Version in SSFrame2 is invalid.
Line 56: The property name Caption in SSFrame2 is invalid.
Line 63: The property name _ExtentX in SSOption3 is invalid.
Line 64: The property name _ExtentY in SSOption3 is invalid.
Line 65: The property name _Version in SSOption3 is invalid.
Line 66: The property name Caption in SSOption3 is invalid.
Line 74: The property name _ExtentX in SSOption2 is invalid.
Line 75: The property name _ExtentY in SSOption2 is invalid.
Line 76: The property name _Version in SSOption2 is invalid.
Line 77: The property name Caption in SSOption2 is invalid.
Line 85: The property name _ExtentX in SSOption1 is invalid.
Line 86: The property name _ExtentY in SSOption1 is invalid.
Line 87: The property name _Version in SSOption1 is invalid.
Line 88: The property name Caption in SSOption1 is invalid.
Line 165: The property name _ExtentX in cmdNext is invalid.
Line 166: The property name _ExtentY in cmdNext is invalid.
Line 167: The property name _Version in cmdNext is invalid.
Line 170: The property name ButtonStyle in cmdNext is invalid.
Line 159: Property MouseIcon in cmdNext could not be set.
Line 178: The property name _ExtentX in cmdOK is invalid.
Line 179: The property name _ExtentY in cmdOK is invalid.
Line 180: The property name _Version in cmdOK is invalid.
Line 183: The property name ButtonStyle in cmdOK is invalid.
Line 172: Property MouseIcon in cmdOK could not be set.
Line 186: The property name Cancel in cmdExit is invalid.
Line 192: The property name _ExtentX in cmdExit is invalid.
Line 193: The property name _ExtentY in cmdExit is invalid.
Line 194: The property name _Version in cmdExit is invalid.
Line 195: The property name ButtonStyle in cmdExit is invalid.
